# JRE version: Java(TM) SE Runtime Environment (8.0_231-b11) (build 1.8.0_231-b11)
# Java VM: Java HotSpot(TM) 64-Bit Server VM (25.231-b11 mixed mode windows-amd64 compressed oops)
Heap:
 PSYoungGen      total 327168K, used 183399K [0x00000000eab00000, 0x0000000100000000, 0x0000000100000000)
  eden space 305152K, 60% used [0x00000000eab00000,0x00000000f5e19ef8,0x00000000fd500000)
  from space 22016K, 0% used [0x00000000fd500000,0x00000000fd500000,0x00000000fea80000)
  to   space 20992K, 0% used [0x00000000feb80000,0x00000000feb80000,0x0000000100000000)
 ParOldGen       total 76800K, used 63678K [0x00000000c0000000, 0x00000000c4b00000, 0x00000000eab00000)
  object space 76800K, 82% used [0x00000000c0000000,0x00000000c3e2fa10,0x00000000c4b00000)
 Metaspace       used 14004K, capacity 14636K, committed 14848K, reserved 1062912K
  class space    used 2077K, capacity 2249K, committed 2304K, reserved 1048576K
GC Heap History (10 events):
Event: 13.729 GC heap before
{Heap before GC invocations=30 (full 11):
 PSYoungGen      total 328704K, used 18016K [0x00000000eab00000, 0x0000000100000000, 0x0000000100000000)
  eden space 310272K, 0% used [0x00000000eab00000,0x00000000eab00000,0x00000000fda00000)
  from space 18432K, 97% used [0x00000000fda00000,0x00000000feb98008,0x00000000fec00000)
  to   space 20480K, 0% used [0x00000000fec00000,0x00000000fec00000,0x0000000100000000)
 ParOldGen       total 76800K, used 47272K [0x00000000c0000000, 0x00000000c4b00000, 0x00000000eab00000)
  object space 76800K, 61% used [0x00000000c0000000,0x00000000c2e2a060,0x00000000c4b00000)
 Metaspace       used 13727K, capacity 14318K, committed 14592K, reserved 1060864K
  class space    used 2048K, capacity 2212K, committed 2304K, reserved 1048576K
Event: 14.278 GC heap after
Heap after GC invocations=30 (full 11):
 PSYoungGen      total 328704K, used 0K [0x00000000eab00000, 0x0000000100000000, 0x0000000100000000)
  eden space 310272K, 0% used [0x00000000eab00000,0x00000000eab00000,0x00000000fda00000)
  from space 18432K, 0% used [0x00000000fda00000,0x00000000fda00000,0x00000000fec00000)
  to   space 20480K, 0% used [0x00000000fec00000,0x00000000fec00000,0x0000000100000000)
 ParOldGen       total 76800K, used 61345K [0x00000000c0000000, 0x00000000c4b00000, 0x00000000eab00000)
  object space 76800K, 79% used [0x00000000c0000000,0x00000000c3be8448,0x00000000c4b00000)
 Metaspace       used 13727K, capacity 14318K, committed 14592K, reserved 1060864K
  class space    used 2048K, capacity 2212K, committed 2304K, reserved 1048576K
}
Event: 14.340 GC heap before
{Heap before GC invocations=31 (full 11):
 PSYoungGen      total 328704K, used 31064K [0x00000000eab00000, 0x0000000100000000, 0x0000000100000000)
  eden space 310272K, 10% used [0x00000000eab00000,0x00000000ec956170,0x00000000fda00000)
  from space 18432K, 0% used [0x00000000fda00000,0x00000000fda00000,0x00000000fec00000)
  to   space 20480K, 0% used [0x00000000fec00000,0x00000000fec00000,0x0000000100000000)
 ParOldGen       total 76800K, used 61345K [0x00000000c0000000, 0x00000000c4b00000, 0x00000000eab00000)
  object space 76800K, 79% used [0x00000000c0000000,0x00000000c3be8448,0x00000000c4b00000)
 Metaspace       used 13729K, capacity 14318K, committed 14592K, reserved 1060864K
  class space    used 2048K, capacity 2212K, committed 2304K, reserved 1048576K
Event: 14.355 GC heap after
Heap after GC invocations=31 (full 11):
 PSYoungGen      total 325632K, used 4032K [0x00000000eab00000, 0x0000000100000000, 0x0000000100000000)
  eden space 305152K, 0% used [0x00000000eab00000,0x00000000eab00000,0x00000000fd500000)
  from space 20480K, 19% used [0x00000000fec00000,0x00000000feff0000,0x0000000100000000)
  to   space 22016K, 0% used [0x00000000fd500000,0x00000000fd500000,0x00000000fea80000)
 ParOldGen       total 76800K, used 61345K [0x00000000c0000000, 0x00000000c4b00000, 0x00000000eab00000)
  object space 76800K, 79% used [0x00000000c0000000,0x00000000c3be8448,0x00000000c4b00000)
 Metaspace       used 13729K, capacity 14318K, committed 14592K, reserved 1060864K
  class space    used 2048K, capacity 2212K, committed 2304K, reserved 1048576K
}
Event: 14.355 GC heap before
{Heap before GC invocations=32 (full 12):
 PSYoungGen      total 325632K, used 4032K [0x00000000eab00000, 0x0000000100000000, 0x0000000100000000)
  eden space 305152K, 0% used [0x00000000eab00000,0x00000000eab00000,0x00000000fd500000)
  from space 20480K, 19% used [0x00000000fec00000,0x00000000feff0000,0x0000000100000000)
  to   space 22016K, 0% used [0x00000000fd500000,0x00000000fd500000,0x00000000fea80000)
 ParOldGen       total 76800K, used 61345K [0x00000000c0000000, 0x00000000c4b00000, 0x00000000eab00000)
  object space 76800K, 79% used [0x00000000c0000000,0x00000000c3be8448,0x00000000c4b00000)
 Metaspace       used 13729K, capacity 14318K, committed 14592K, reserved 1060864K
  class space    used 2048K, capacity 2212K, committed 2304K, reserved 1048576K
Event: 14.667 GC heap after
Heap after GC invocations=32 (full 12):
 PSYoungGen      total 325632K, used 0K [0x00000000eab00000, 0x0000000100000000, 0x0000000100000000)
  eden space 305152K, 0% used [0x00000000eab00000,0x00000000eab00000,0x00000000fd500000)
  from space 20480K, 0% used [0x00000000fec00000,0x00000000fec00000,0x0000000100000000)
  to   space 22016K, 0% used [0x00000000fd500000,0x00000000fd500000,0x00000000fea80000)
 ParOldGen       total 76800K, used 60563K [0x00000000c0000000, 0x00000000c4b00000, 0x00000000eab00000)
  object space 76800K, 78% used [0x00000000c0000000,0x00000000c3b24dc8,0x00000000c4b00000)
 Metaspace       used 13729K, capacity 14318K, committed 14592K, reserved 1060864K
  class space    used 2048K, capacity 2212K, committed 2304K, reserved 1048576K
}
Event: 14.740 GC heap before
{Heap before GC invocations=33 (full 12):
 PSYoungGen      total 325632K, used 30551K [0x00000000eab00000, 0x0000000100000000, 0x0000000100000000)
  eden space 305152K, 10% used [0x00000000eab00000,0x00000000ec8d5f00,0x00000000fd500000)
  from space 20480K, 0% used [0x00000000fec00000,0x00000000fec00000,0x0000000100000000)
  to   space 22016K, 0% used [0x00000000fd500000,0x00000000fd500000,0x00000000fea80000)
 ParOldGen       total 76800K, used 60563K [0x00000000c0000000, 0x00000000c4b00000, 0x00000000eab00000)
  object space 76800K, 78% used [0x00000000c0000000,0x00000000c3b24dc8,0x00000000c4b00000)
 Metaspace       used 13730K, capacity 14318K, committed 14592K, reserved 1060864K
  class space    used 2048K, capacity 2212K, committed 2304K, reserved 1048576K
Event: 14.754 GC heap after
Heap after GC invocations=33 (full 12):
 PSYoungGen      total 327168K, used 3360K [0x00000000eab00000, 0x0000000100000000, 0x0000000100000000)
  eden space 305152K, 0% used [0x00000000eab00000,0x00000000eab00000,0x00000000fd500000)
  from space 22016K, 15% used [0x00000000fd500000,0x00000000fd848000,0x00000000fea80000)
  to   space 20992K, 0% used [0x00000000feb80000,0x00000000feb80000,0x0000000100000000)
 ParOldGen       total 76800K, used 60563K [0x00000000c0000000, 0x00000000c4b00000, 0x00000000eab00000)
  object space 76800K, 78% used [0x00000000c0000000,0x00000000c3b24dc8,0x00000000c4b00000)
 Metaspace       used 13730K, capacity 14318K, committed 14592K, reserved 1060864K
  class space    used 2048K, capacity 2212K, committed 2304K, reserved 1048576K
}
Event: 14.754 GC heap before
{Heap before GC invocations=34 (full 13):
 PSYoungGen      total 327168K, used 3360K [0x00000000eab00000, 0x0000000100000000, 0x0000000100000000)
  eden space 305152K, 0% used [0x00000000eab00000,0x00000000eab00000,0x00000000fd500000)
  from space 22016K, 15% used [0x00000000fd500000,0x00000000fd848000,0x00000000fea80000)
  to   space 20992K, 0% used [0x00000000feb80000,0x00000000feb80000,0x0000000100000000)
 ParOldGen       total 76800K, used 60563K [0x00000000c0000000, 0x00000000c4b00000, 0x00000000eab00000)
  object space 76800K, 78% used [0x00000000c0000000,0x00000000c3b24dc8,0x00000000c4b00000)
 Metaspace       used 13730K, capacity 14318K, committed 14592K, reserved 1060864K
  class space    used 2048K, capacity 2212K, committed 2304K, reserved 1048576K
Event: 14.942 GC heap after
Heap after GC invocations=34 (full 13):
 PSYoungGen      total 327168K, used 0K [0x00000000eab00000, 0x0000000100000000, 0x0000000100000000)
  eden space 305152K, 0% used [0x00000000eab00000,0x00000000eab00000,0x00000000fd500000)
  from space 22016K, 0% used [0x00000000fd500000,0x00000000fd500000,0x00000000fea80000)
  to   space 20992K, 0% used [0x00000000feb80000,0x00000000feb80000,0x0000000100000000)
 ParOldGen       total 76800K, used 63678K [0x00000000c0000000, 0x00000000c4b00000, 0x00000000eab00000)
  object space 76800K, 82% used [0x00000000c0000000,0x00000000c3e2fa10,0x00000000c4b00000)
 Metaspace       used 13730K, capacity 14318K, committed 14592K, reserved 1060864K
  class space    used 2048K, capacity 2212K, committed 2304K, reserved 1048576K
}

